<?xml version="1.0" encoding="UTF-8"?>
<testng-results ignored="0" total="1" passed="1" failed="0" skipped="0">
  <reporter-output>
  </reporter-output>
  <suite started-at="2022-04-23T07:59:22 IST" name="Default suite" finished-at="2022-04-23T08:00:00 IST" duration-ms="38025">
    <groups>
    </groups>
    <test started-at="2022-04-23T07:59:22 IST" name="Default test" finished-at="2022-04-23T08:00:00 IST" duration-ms="38025">
      <class name="DDTComponentReference.testDTTComponentreference">
        <test-method is-config="true" signature="launch()[pri:0, instance:DDTComponentReference.testDTTComponentreference@294425a7]" started-at="2022-04-23T07:59:21 IST" name="launch" finished-at="2022-04-23T07:59:22 IST" duration-ms="1649" status="PASS">
          <reporter-output>
          </reporter-output>
        </test-method> <!-- launch -->
        <test-method is-config="true" signature="setup()[pri:0, instance:DDTComponentReference.testDTTComponentreference@294425a7]" started-at="2022-04-23T07:59:22 IST" name="setup" finished-at="2022-04-23T07:59:22 IST" duration-ms="46" status="PASS">
          <reporter-output>
          </reporter-output>
        </test-method> <!-- setup -->
        <test-method signature="ComponentReference(java.lang.String)[pri:0, instance:DDTComponentReference.testDTTComponentreference@294425a7]" started-at="2022-04-23T07:59:22 IST" name="ComponentReference" data-provider="dp" finished-at="2022-04-23T08:00:00 IST" duration-ms="37946" status="PASS">
          <params>
            <param index="0">
              <value>
                <![CDATA[datatable,Larry Page,https://google.com,(555)-755-6575,770.54]]>
              </value>
            </param>
          </params>
          <reporter-output>
          </reporter-output>
        </test-method> <!-- ComponentReference -->
        <test-method is-config="true" signature="close()[pri:0, instance:DDTComponentReference.testDTTComponentreference@294425a7]" started-at="2022-04-23T08:00:00 IST" name="close" finished-at="2022-04-23T08:00:00 IST" duration-ms="0" status="PASS">
          <reporter-output>
          </reporter-output>
        </test-method> <!-- close -->
      </class> <!-- DDTComponentReference.testDTTComponentreference -->
    </test> <!-- Default test -->
  </suite> <!-- Default suite -->
</testng-results>
